2019-05-23 17:25:24 +0000  Initial pipeline context: <IDEDistributionProcessingPipelineContext: 0x7fee00cc66a0; archive(resolved)='<IDEArchive: 0x7fedffa34e70>', distributionTask(resolved)='2', distributionDestination(resolved)='1', distributionMethod(resolved)='<IDEDistributionMethodDevelopmentSigned: 0x7fee00234670>', team(resolved)='<IDEProvisioningDisambiguatableBasicTeam: 0x7fee003ee2d0; teamID='Y6M4ZG7BSW', teamName='Natalia Trubkina', teamType='Individual', username='medialab5758@gmail.com', isFreeProvisioningTeam='0'>'>
	Chain (12, self inclusive):
	<IDEDistributionProcessingPipelineContext: 0x7fee00cc66a0; archive = '<IDEArchive: 0x7fedffa34e70>', distributionMethod='<IDEDistributionMethodDevelopmentSigned: 0x7fee00234670>', team='<IDEProvisioningDisambiguatableBasicTeam: 0x7fee003ee2d0; teamID='Y6M4ZG7BSW', teamName='Natalia Trubkina', teamType='Individual', username='medialab5758@gmail.com', isFreeProvisioningTeam='0'>'>
	<IDEDistributionProcessingPipelineContext: 0x7fee00cc4ac0; archive = '<IDEArchive: 0x7fedffa34e70>', distributionMethod='<IDEDistributionMethodDevelopmentSigned: 0x7fee00234670>', team='<IDEProvisioningDisambiguatableBasicTeam: 0x7fee003ee2d0; teamID='Y6M4ZG7BSW', teamName='Natalia Trubkina', teamType='Individual', username='medialab5758@gmail.com', isFreeProvisioningTeam='0'>'>
	<IDEDistributionContext: 0x7fedffa09e40; archive = '<IDEArchive: 0x7fedffa34e70>', distributionMethod='<IDEDistributionMethodDevelopmentSigned: 0x7fee00234670>', team='<IDEProvisioningDisambiguatableBasicTeam: 0x7fee003ee2d0; teamID='Y6M4ZG7BSW', teamName='Natalia Trubkina', teamType='Individual', username='medialab5758@gmail.com', isFreeProvisioningTeam='0'>'>
	<IDEDistributionContext: 0x7fee00d8db90; archive = '<IDEArchive: 0x7fedffa34e70>', distributionMethod='<IDEDistributionMethodDevelopmentSigned: 0x7fee00234670>', team='<IDEProvisioningDisambiguatableBasicTeam: 0x7fee003ee2d0; teamID='Y6M4ZG7BSW', teamName='Natalia Trubkina', teamType='Individual', username='medialab5758@gmail.com', isFreeProvisioningTeam='0'>'>
	<IDEDistributionContext: 0x7fee00c72f50; archive = '<IDEArchive: 0x7fedffa34e70>', distributionMethod='<IDEDistributionMethodDevelopmentSigned: 0x7fee00234670>', team='<IDEProvisioningDisambiguatableBasicTeam: 0x7fee003ee2d0; teamID='Y6M4ZG7BSW', teamName='Natalia Trubkina', teamType='Individual', username='medialab5758@gmail.com', isFreeProvisioningTeam='0'>'>
	<IDEDistributionContext: 0x7fee00a771d0; archive = '<IDEArchive: 0x7fedffa34e70>', distributionMethod='<IDEDistributionMethodDevelopmentSigned: 0x7fee00234670>', team='<IDEProvisioningDisambiguatableBasicTeam: 0x7fee003ee2d0; teamID='Y6M4ZG7BSW', teamName='Natalia Trubkina', teamType='Individual', username='medialab5758@gmail.com', isFreeProvisioningTeam='0'>'>
	<IDEDistributionContext: 0x7fee00dc3c60; archive = '<IDEArchive: 0x7fedffa34e70>', distributionMethod='<IDEDistributionMethodDevelopmentSigned: 0x7fee00234670>', team='<IDEProvisioningDisambiguatableBasicTeam: 0x7fee003ee2d0; teamID='Y6M4ZG7BSW', teamName='Natalia Trubkina', teamType='Individual', username='medialab5758@gmail.com', isFreeProvisioningTeam='0'>'>
	<IDEDistributionContext: 0x7fee008e8af0; archive = '<IDEArchive: 0x7fedffa34e70>', distributionMethod='<IDEDistributionMethodDevelopmentSigned: 0x7fee00234670>', team='<IDEProvisioningDisambiguatableBasicTeam: 0x7fee003ee2d0; teamID='Y6M4ZG7BSW', teamName='Natalia Trubkina', teamType='Individual', username='medialab5758@gmail.com', isFreeProvisioningTeam='0'>'>
	<IDEDistributionContext: 0x7fee00c12040; archive = '<IDEArchive: 0x7fedffa34e70>', distributionMethod='<IDEDistributionMethodDevelopmentSigned: 0x7fee00234670>', team='<IDEProvisioningDisambiguatableBasicTeam: 0x7fee003ee2d0; teamID='Y6M4ZG7BSW', teamName='Natalia Trubkina', teamType='Individual', username='medialab5758@gmail.com', isFreeProvisioningTeam='0'>'>
	<IDEDistributionContext: 0x7fee00c94290; archive = '<IDEArchive: 0x7fedffa34e70>', distributionMethod='<IDEDistributionMethodDevelopmentSigned: 0x7fee00234670>', team='(null)'>
	<IDEDistributionContext: 0x7fee00d3eed0; archive = '<IDEArchive: 0x7fedffa34e70>', distributionMethod='<IDEDistributionMethodDevelopmentSigned: 0x7fee00234670>', team='(null)'>
	<IDEDistributionContext: 0x7fee00c453f0; archive = '<IDEArchive: 0x7fedffa34e70>', distributionMethod='(null)', team='(null)'>
</IDEDistributionProcessingPipelineContext: 0x7fee00cc66a0>
2019-05-23 17:25:24 +0000  Processing step: IDEDistributionCreateDestRootStep
2019-05-23 17:25:24 +0000  Processing step: IDEDistributionCopyItemStep
2019-05-23 17:25:24 +0000  Running /usr/bin/ditto '-V' '/Users/newuser/Library/Developer/Xcode/Archives/2019-05-23/Unity-iPhone 23-05-2019, 23.23.xcarchive/Products/Applications/Realno.app' '/var/folders/_k/q4drtyy529gb9fmrj37ln32h0000gp/T/XcodeDistPipeline.~~~2fQQXk/Root/Payload/Realno.app'
2019-05-23 17:25:24 +0000  >>> Copying /Users/newuser/Library/Developer/Xcode/Archives/2019-05-23/Unity-iPhone 23-05-2019, 23.23.xcarchive/Products/Applications/Realno.app 
2019-05-23 17:25:24 +0000  copying file ./_CodeSignature/CodeResources ... 
2019-05-23 17:25:24 +0000  16855 bytes for ./_CodeSignature/CodeResources
2019-05-23 17:25:24 +0000  copying file ./LaunchImage-1100-Portrait-2436h@3x.png ... 
2019-05-23 17:25:24 +0000  14552 bytes for ./LaunchImage-1100-Portrait-2436h@3x.png
copying file ./LaunchImage-1200-Landscape-1792h@2x.png ... 
2019-05-23 17:25:24 +0000  7622 bytes for ./LaunchImage-1200-Landscape-1792h@2x.png
copying file ./LaunchScreen-iPhonePortrait.png ... 
2019-05-23 17:25:24 +0000  138 bytes for ./LaunchScreen-iPhonePortrait.png
copying file ./LaunchScreen-iPhoneLandscape.png ... 
2019-05-23 17:25:24 +0000  138 bytes for ./LaunchScreen-iPhoneLandscape.png
2019-05-23 17:25:24 +0000  copying file ./LaunchScreen-iPad.nib ... 
2019-05-23 17:25:24 +0000  1443 bytes for ./LaunchScreen-iPad.nib
2019-05-23 17:25:24 +0000  copying file ./LaunchScreen-iPhone.nib ... 
2019-05-23 17:25:24 +0000  1453 bytes for ./LaunchScreen-iPhone.nib
2019-05-23 17:25:24 +0000  copying file ./AppIcon60x60@2x.png ... 
2019-05-23 17:25:24 +0000  43392 bytes for ./AppIcon60x60@2x.png
2019-05-23 17:25:24 +0000  copying file ./LaunchImage-1100-Landscape-2436h@3x.png ... 
2019-05-23 17:25:24 +0000  12707 bytes for ./LaunchImage-1100-Landscape-2436h@3x.png
copying file ./LaunchImage-800-667h@2x.png ... 
2019-05-23 17:25:24 +0000  5949 bytes for ./LaunchImage-800-667h@2x.png
2019-05-23 17:25:24 +0000  copying file ./Realno ... 
2019-05-23 17:25:24 +0000  193433040 bytes for ./Realno
copying file ./LaunchImage-1200-Portrait-2688h@3x.png ... 
2019-05-23 17:25:24 +0000  17633 bytes for ./LaunchImage-1200-Portrait-2688h@3x.png
copying file ./LaunchScreen-iPad.png ... 
138 bytes for ./LaunchScreen-iPad.png
copying file ./LaunchImage-700-Portrait~ipad.png ... 
2019-05-23 17:25:24 +0000  4691 bytes for ./LaunchImage-700-Portrait~ipad.png
copying file ./Assets.car ... 
2019-05-23 17:25:24 +0000  2841592 bytes for ./Assets.car
2019-05-23 17:25:24 +0000  copying file ./AppIcon76x76@2x~ipad.png ... 
68446 bytes for ./AppIcon76x76@2x~ipad.png
copying file ./LaunchImage-800-Portrait-736h@3x.png ... 
14196 bytes for ./LaunchImage-800-Portrait-736h@3x.png
copying file ./LaunchImage-700@2x.png ... 
2019-05-23 17:25:24 +0000  3933 bytes for ./LaunchImage-700@2x.png
copying file ./LaunchImage-700-568h@2x.png ... 
2019-05-23 17:25:24 +0000  4617 bytes for ./LaunchImage-700-568h@2x.png
2019-05-23 17:25:24 +0000  copying file ./LaunchImage-1200-Portrait-1792h@2x.png ... 
2019-05-23 17:25:24 +0000  8862 bytes for ./LaunchImage-1200-Portrait-1792h@2x.png
2019-05-23 17:25:24 +0000  copying file ./LaunchImage-700-Landscape@2x~ipad.png ... 
2019-05-23 17:25:24 +0000  14943 bytes for ./LaunchImage-700-Landscape@2x~ipad.png
2019-05-23 17:25:24 +0000  copying file ./Frameworks/VuforiaDL.framework/_CodeSignature/CodeResources ... 
2019-05-23 17:25:24 +0000  2446 bytes for ./Frameworks/VuforiaDL.framework/_CodeSignature/CodeResources
2019-05-23 17:25:24 +0000  copying file ./Frameworks/VuforiaDL.framework/VuforiaDL.meta ... 
2019-05-23 17:25:24 +0000  155 bytes for ./Frameworks/VuforiaDL.framework/VuforiaDL.meta
2019-05-23 17:25:24 +0000  copying file ./Frameworks/VuforiaDL.framework/VuforiaDL ... 
2019-05-23 17:25:24 +0000  6769872 bytes for ./Frameworks/VuforiaDL.framework/VuforiaDL
copying file ./Frameworks/VuforiaDL.framework/Headers.meta ... 
2019-05-23 17:25:24 +0000  172 bytes for ./Frameworks/VuforiaDL.framework/Headers.meta
copying file ./Frameworks/VuforiaDL.framework/Info.plist.meta ... 
155 bytes for ./Frameworks/VuforiaDL.framework/Info.plist.meta
copying file ./Frameworks/VuforiaDL.framework/Info.plist ... 
759 bytes for ./Frameworks/VuforiaDL.framework/Info.plist
copying file ./Frameworks/Vuforia.framework/_CodeSignature/CodeResources ... 
2232 bytes for ./Frameworks/Vuforia.framework/_CodeSignature/CodeResources
copying file ./Frameworks/Vuforia.framework/Vuforia.meta ... 
155 bytes for ./Frameworks/Vuforia.framework/Vuforia.meta
copying file ./Frameworks/Vuforia.framework/Info.plist.meta ... 
155 bytes for ./Frameworks/Vuforia.framework/Info.plist.meta
copying file ./Frameworks/Vuforia.framework/Vuforia ... 
2019-05-23 17:25:24 +0000  161457632 bytes for ./Frameworks/Vuforia.framework/Vuforia
copying file ./Frameworks/Vuforia.framework/Info.plist ... 
2019-05-23 17:25:24 +0000  749 bytes for ./Frameworks/Vuforia.framework/Info.plist
copying file ./Vuforia/Realno.xml ... 
837 bytes for ./Vuforia/Realno.xml
copying file ./Vuforia/Realno.dat ... 
750634 bytes for ./Vuforia/Realno.dat
copying file ./Vuforia/VuforiaMars_Images.dat ... 
801555 bytes for ./Vuforia/VuforiaMars_Images.dat
copying file ./Vuforia/VuforiaMars_Images.xml ... 
1512 bytes for ./Vuforia/VuforiaMars_Images.xml
copying file ./embedded.mobileprovision ... 
7647 bytes for ./embedded.mobileprovision
copying file ./Data/Managed/TypesInScenes.xml ... 
3793 bytes for ./Data/Managed/TypesInScenes.xml
copying file ./Data/Managed/Resources/mscorlib.dll-resources.dat ... 
337563 bytes for ./Data/Managed/Resources/mscorlib.dll-resources.dat
copying file ./Data/Managed/mono/2.0/machine.config ... 
27625 bytes for ./Data/Managed/mono/2.0/machine.config
copying file ./Data/Managed/mono/4.0/machine.config ... 
33648 bytes for ./Data/Managed/mono/4.0/machine.config
copying file ./Data/Managed/Metadata/global-metadata.dat ... 
2019-05-23 17:25:24 +0000  2571160 bytes for ./Data/Managed/Metadata/global-metadata.dat
2019-05-23 17:25:24 +0000  copying file ./Data/sharedassets0.resource ... 
2019-05-23 17:25:24 +0000  17105196 bytes for ./Data/sharedassets0.resource
copying file ./Data/globalgamemanagers ... 
2019-05-23 17:25:24 +0000  37528 bytes for ./Data/globalgamemanagers
copying file ./Data/boot.config ... 
123 bytes for ./Data/boot.config
copying file ./Data/resources.assets ... 
18196 bytes for ./Data/resources.assets
copying file ./Data/Resources/unity_builtin_extra ... 
660324 bytes for ./Data/Resources/unity_builtin_extra
copying file ./Data/unity default resources ... 
2019-05-23 17:25:25 +0000  6312180 bytes for ./Data/unity default resources
copying file ./Data/sharedassets0.assets.resS ... 
2019-05-23 17:25:25 +0000  35651596 bytes for ./Data/sharedassets0.assets.resS
copying file ./Data/sharedassets0.assets ... 
2019-05-23 17:25:25 +0000  193837 bytes for ./Data/sharedassets0.assets
copying file ./Data/level0.resS ... 
393212 bytes for ./Data/level0.resS
copying file ./Data/level0 ... 
22668 bytes for ./Data/level0
copying file ./Data/Raw/Vuforia/Realno.xml ... 
837 bytes for ./Data/Raw/Vuforia/Realno.xml
copying file ./Data/Raw/Vuforia/Realno.dat ... 
2019-05-23 17:25:25 +0000  750634 bytes for ./Data/Raw/Vuforia/Realno.dat
copying file ./Data/Raw/Vuforia/VuforiaMars_Images.dat ... 
2019-05-23 17:25:25 +0000  801555 bytes for ./Data/Raw/Vuforia/VuforiaMars_Images.dat
copying file ./Data/Raw/Vuforia/VuforiaMars_Images.xml ... 
2019-05-23 17:25:25 +0000  1512 bytes for ./Data/Raw/Vuforia/VuforiaMars_Images.xml
copying file ./Data/globalgamemanagers.assets ... 
50292 bytes for ./Data/globalgamemanagers.assets
copying file ./LaunchImage-800-Landscape-736h@3x.png ... 
12887 bytes for ./LaunchImage-800-Landscape-736h@3x.png
copying file ./LaunchImage-700-Portrait@2x~ipad.png ... 
2019-05-23 17:25:25 +0000  15515 bytes for ./LaunchImage-700-Portrait@2x~ipad.png
2019-05-23 17:25:25 +0000  copying file ./LaunchImage-700-Landscape~ipad.png ... 
2019-05-23 17:25:25 +0000  4433 bytes for ./LaunchImage-700-Landscape~ipad.png
2019-05-23 17:25:25 +0000  copying file ./Info.plist ... 
2019-05-23 17:25:25 +0000  2704 bytes for ./Info.plist
2019-05-23 17:25:25 +0000  copying file ./profile.json ... 
2019-05-23 17:25:25 +0000  31803 bytes for ./profile.json
2019-05-23 17:25:25 +0000  copying file ./LaunchImage-1200-Landscape-2688h@3x.png ... 
2019-05-23 17:25:25 +0000  15608 bytes for ./LaunchImage-1200-Landscape-2688h@3x.png
copying file ./PkgInfo ... 
2019-05-23 17:25:25 +0000  8 bytes for ./PkgInfo
2019-05-23 17:25:25 +0000  /usr/bin/ditto exited with 0
2019-05-23 17:25:25 +0000  Processing step: IDEDistributionEmbedProfileStep
2019-05-23 17:25:25 +0000  Skipping profile for item: <IDEDistributionItem: 0x7fee00db66a0 'com.vuforia.Vuforia' '<DVTFilePath:0x7fee00d818f0:'/Users/newuser/Library/Developer/Xcode/Archives/2019-05-23/Unity-iPhone 23-05-2019, 23.23.xcarchive/Products/Applications/Realno.app/Frameworks/Vuforia.framework'>'>
2019-05-23 17:25:25 +0000  Skipping profile for item: <IDEDistributionItem: 0x7fee00dadf50 'com.vuforia.VuforiaDL' '<DVTFilePath:0x7fee00da96b0:'/Users/newuser/Library/Developer/Xcode/Archives/2019-05-23/Unity-iPhone 23-05-2019, 23.23.xcarchive/Products/Applications/Realno.app/Frameworks/VuforiaDL.framework'>'>
2019-05-23 17:25:25 +0000  Processing step: IDEDistributionAppThinningPlistStep
2019-05-23 17:25:25 +0000  Skipping step: IDEDistributionAppThinningPlistStep because it said so
2019-05-23 17:25:25 +0000  Processing step: IDEDistributionCompileBitcodeStep
2019-05-23 17:25:25 +0000  Skipping step: IDEDistributionCompileBitcodeStep because it said so
2019-05-23 17:25:25 +0000  Processing step: IDEDistributionCodeSlimmingStep
2019-05-23 17:25:26 +0000  Processing step: IDEDistributionCopyBCSymbolMapsStep
2019-05-23 17:25:26 +0000  Skipping step: IDEDistributionCopyBCSymbolMapsStep because it said so
2019-05-23 17:25:26 +0000  Skipping step: IDEDistributionCopyBCSymbolMapsStep because it said so
2019-05-23 17:25:26 +0000  Skipping step: IDEDistributionCopyBCSymbolMapsStep because it said so
2019-05-23 17:25:26 +0000  Processing step: IDEDistributionSymbolsStep
2019-05-23 17:25:26 +0000  Skipping step: IDEDistributionSymbolsStep because it said so
2019-05-23 17:25:26 +0000  Skipping step: IDEDistributionSymbolsStep because it said so
2019-05-23 17:25:26 +0000  Skipping step: IDEDistributionSymbolsStep because it said so
2019-05-23 17:25:26 +0000  Processing step: IDEDistributionAppThinningStep
2019-05-23 17:25:26 +0000  Skipping step: IDEDistributionAppThinningStep because it said so
2019-05-23 17:25:26 +0000  Processing step: IDEDistributionArchThinningStep
2019-05-23 17:25:26 +0000  Running /Applications/Xcode.app/Contents/Developer/Toolchains/XcodeDefault.xctoolchain/usr/bin/lipo '/var/folders/_k/q4drtyy529gb9fmrj37ln32h0000gp/T/XcodeDistPipeline.~~~2fQQXk/Root/Payload/Realno.app/Frameworks/Vuforia.framework/Vuforia' '-verify_arch' 'arm64e'
2019-05-23 17:25:26 +0000  /Applications/Xcode.app/Contents/Developer/Toolchains/XcodeDefault.xctoolchain/usr/bin/lipo exited with 1
2019-05-23 17:25:26 +0000  Skipping architecture thinning for item "Vuforia" because arch "arm64e" wasn't found
2019-05-23 17:25:26 +0000  Running /Applications/Xcode.app/Contents/Developer/Toolchains/XcodeDefault.xctoolchain/usr/bin/lipo '/var/folders/_k/q4drtyy529gb9fmrj37ln32h0000gp/T/XcodeDistPipeline.~~~2fQQXk/Root/Payload/Realno.app/Frameworks/VuforiaDL.framework/VuforiaDL' '-verify_arch' 'arm64e'
2019-05-23 17:25:26 +0000  /Applications/Xcode.app/Contents/Developer/Toolchains/XcodeDefault.xctoolchain/usr/bin/lipo exited with 1
2019-05-23 17:25:26 +0000  Skipping architecture thinning for item "VuforiaDL" because arch "arm64e" wasn't found
2019-05-23 17:25:26 +0000  Running /Applications/Xcode.app/Contents/Developer/Toolchains/XcodeDefault.xctoolchain/usr/bin/lipo '/var/folders/_k/q4drtyy529gb9fmrj37ln32h0000gp/T/XcodeDistPipeline.~~~2fQQXk/Root/Payload/Realno.app/Realno' '-verify_arch' 'arm64e'
2019-05-23 17:25:26 +0000  /Applications/Xcode.app/Contents/Developer/Toolchains/XcodeDefault.xctoolchain/usr/bin/lipo exited with 1
2019-05-23 17:25:26 +0000  Skipping architecture thinning for item "Realno" because arch "arm64e" wasn't found
2019-05-23 17:25:26 +0000  Processing step: IDEDistributionODRStep
2019-05-23 17:25:26 +0000  Processing step: IDEDistributionStripXattrsStep
2019-05-23 17:25:26 +0000  Skipping stripping extended attributes of item: <IDEDistributionItem: 0x7fee00db66a0 'com.vuforia.Vuforia' '<DVTFilePath:0x7fee00d818f0:'/Users/newuser/Library/Developer/Xcode/Archives/2019-05-23/Unity-iPhone 23-05-2019, 23.23.xcarchive/Products/Applications/Realno.app/Frameworks/Vuforia.framework'>'>
2019-05-23 17:25:26 +0000  Skipping stripping extended attributes of item: <IDEDistributionItem: 0x7fee00dadf50 'com.vuforia.VuforiaDL' '<DVTFilePath:0x7fee00da96b0:'/Users/newuser/Library/Developer/Xcode/Archives/2019-05-23/Unity-iPhone 23-05-2019, 23.23.xcarchive/Products/Applications/Realno.app/Frameworks/VuforiaDL.framework'>'>
2019-05-23 17:25:26 +0000  Running /usr/bin/xattr '-crs' '/var/folders/_k/q4drtyy529gb9fmrj37ln32h0000gp/T/XcodeDistPipeline.~~~2fQQXk/Root/Payload/Realno.app'
2019-05-23 17:25:26 +0000  /usr/bin/xattr exited with 0
2019-05-23 17:25:26 +0000  Processing step: IDEDistributionCodesignStep
2019-05-23 17:25:26 +0000  Entitlements for <IDEDistributionItem: 0x7fee00db66a0 'com.vuforia.Vuforia' '<DVTFilePath:0x7fee00d818f0:'/Users/newuser/Library/Developer/Xcode/Archives/2019-05-23/Unity-iPhone 23-05-2019, 23.23.xcarchive/Products/Applications/Realno.app/Frameworks/Vuforia.framework'>'>: {
}
2019-05-23 17:25:26 +0000  Writing entitlements for <IDEDistributionItem: 0x7fee00db66a0 'com.vuforia.Vuforia' '<DVTFilePath:0x7fee00d818f0:'/Users/newuser/Library/Developer/Xcode/Archives/2019-05-23/Unity-iPhone 23-05-2019, 23.23.xcarchive/Products/Applications/Realno.app/Frameworks/Vuforia.framework'>'> to: /var/folders/_k/q4drtyy529gb9fmrj37ln32h0000gp/T/XcodeDistPipeline.~~~2fQQXk/entitlements~~~rWSp05
2019-05-23 17:25:26 +0000  Running /usr/bin/codesign '-vvv' '--force' '--sign' 'A4815273472FAF3F0B0CDB2F8CAC44BA1D481984' '--entitlements' '/var/folders/_k/q4drtyy529gb9fmrj37ln32h0000gp/T/XcodeDistPipeline.~~~2fQQXk/entitlements~~~rWSp05' '--preserve-metadata=identifier,flags,runtime' '/var/folders/_k/q4drtyy529gb9fmrj37ln32h0000gp/T/XcodeDistPipeline.~~~2fQQXk/Root/Payload/Realno.app/Frameworks/Vuforia.framework'
2019-05-23 17:25:27 +0000  /var/folders/_k/q4drtyy529gb9fmrj37ln32h0000gp/T/XcodeDistPipeline.~~~2fQQXk/Root/Payload/Realno.app/Frameworks/Vuforia.framework: signed bundle with Mach-O thin (arm64) [com.vuforia.Vuforia]
2019-05-23 17:25:27 +0000  /usr/bin/codesign exited with 0
2019-05-23 17:25:27 +0000  Entitlements for <IDEDistributionItem: 0x7fee00dadf50 'com.vuforia.VuforiaDL' '<DVTFilePath:0x7fee00da96b0:'/Users/newuser/Library/Developer/Xcode/Archives/2019-05-23/Unity-iPhone 23-05-2019, 23.23.xcarchive/Products/Applications/Realno.app/Frameworks/VuforiaDL.framework'>'>: {
}
2019-05-23 17:25:27 +0000  Writing entitlements for <IDEDistributionItem: 0x7fee00dadf50 'com.vuforia.VuforiaDL' '<DVTFilePath:0x7fee00da96b0:'/Users/newuser/Library/Developer/Xcode/Archives/2019-05-23/Unity-iPhone 23-05-2019, 23.23.xcarchive/Products/Applications/Realno.app/Frameworks/VuforiaDL.framework'>'> to: /var/folders/_k/q4drtyy529gb9fmrj37ln32h0000gp/T/XcodeDistPipeline.~~~2fQQXk/entitlements~~~XwV9IH
2019-05-23 17:25:27 +0000  Running /usr/bin/codesign '-vvv' '--force' '--sign' 'A4815273472FAF3F0B0CDB2F8CAC44BA1D481984' '--entitlements' '/var/folders/_k/q4drtyy529gb9fmrj37ln32h0000gp/T/XcodeDistPipeline.~~~2fQQXk/entitlements~~~XwV9IH' '--preserve-metadata=identifier,flags,runtime' '/var/folders/_k/q4drtyy529gb9fmrj37ln32h0000gp/T/XcodeDistPipeline.~~~2fQQXk/Root/Payload/Realno.app/Frameworks/VuforiaDL.framework'
2019-05-23 17:25:27 +0000  /var/folders/_k/q4drtyy529gb9fmrj37ln32h0000gp/T/XcodeDistPipeline.~~~2fQQXk/Root/Payload/Realno.app/Frameworks/VuforiaDL.framework: signed bundle with Mach-O thin (arm64) [com.vuforia.VuforiaDL]
2019-05-23 17:25:27 +0000  /usr/bin/codesign exited with 0
2019-05-23 17:25:27 +0000  Entitlements for <IDEDistributionItem: 0x7fee00c57e70 'com.MediaLab.Realno' '<DVTFilePath:0x7fedfd07a9c0:'/Users/newuser/Library/Developer/Xcode/Archives/2019-05-23/Unity-iPhone 23-05-2019, 23.23.xcarchive/Products/Applications/Realno.app'>'>: {
    "application-identifier" = "Y6M4ZG7BSW.com.MediaLab.Realno";
    "com.apple.developer.team-identifier" = Y6M4ZG7BSW;
    "get-task-allow" = 1;
    "keychain-access-groups" =     (
        "Y6M4ZG7BSW.com.MediaLab.Realno"
    );
}
2019-05-23 17:25:27 +0000  Writing entitlements for <IDEDistributionItem: 0x7fee00c57e70 'com.MediaLab.Realno' '<DVTFilePath:0x7fedfd07a9c0:'/Users/newuser/Library/Developer/Xcode/Archives/2019-05-23/Unity-iPhone 23-05-2019, 23.23.xcarchive/Products/Applications/Realno.app'>'> to: /var/folders/_k/q4drtyy529gb9fmrj37ln32h0000gp/T/XcodeDistPipeline.~~~2fQQXk/entitlements~~~IklrtG
2019-05-23 17:25:27 +0000  Running /usr/bin/codesign '-vvv' '--force' '--sign' 'A4815273472FAF3F0B0CDB2F8CAC44BA1D481984' '--entitlements' '/var/folders/_k/q4drtyy529gb9fmrj37ln32h0000gp/T/XcodeDistPipeline.~~~2fQQXk/entitlements~~~IklrtG' '--preserve-metadata=identifier,flags,runtime' '/var/folders/_k/q4drtyy529gb9fmrj37ln32h0000gp/T/XcodeDistPipeline.~~~2fQQXk/Root/Payload/Realno.app'
2019-05-23 17:25:27 +0000  /var/folders/_k/q4drtyy529gb9fmrj37ln32h0000gp/T/XcodeDistPipeline.~~~2fQQXk/Root/Payload/Realno.app: signed app bundle with Mach-O thin (arm64) [com.MediaLab.Realno]
2019-05-23 17:25:27 +0000  /usr/bin/codesign exited with 0
2019-05-23 17:25:27 +0000  Processing step: IDEDistributionZipODRItemStep
2019-05-23 17:25:27 +0000  Skipping step: IDEDistributionZipODRItemStep because it said so
2019-05-23 17:25:27 +0000  Skipping step: IDEDistributionZipODRItemStep because it said so
2019-05-23 17:25:27 +0000  Skipping step: IDEDistributionZipODRItemStep because it said so
2019-05-23 17:25:27 +0000  Processing step: IDEDistributionCreateIPAStep
2019-05-23 17:25:27 +0000  Running /usr/bin/ditto '-V' '-c' '-k' '--norsrc' '/var/folders/_k/q4drtyy529gb9fmrj37ln32h0000gp/T/XcodeDistPipeline.~~~2fQQXk/Root' '/var/folders/_k/q4drtyy529gb9fmrj37ln32h0000gp/T/XcodeDistPipeline.~~~2fQQXk/Packages/Unity-iPhone.ipa'
2019-05-23 17:25:27 +0000  >>> Copying /var/folders/_k/q4drtyy529gb9fmrj37ln32h0000gp/T/XcodeDistPipeline.~~~2fQQXk/Root 
2019-05-23 17:25:27 +0000  copying file ./Payload/Realno.app/_CodeSignature/CodeResources ... 
2019-05-23 17:25:27 +0000  16855 bytes for ./Payload/Realno.app/_CodeSignature/CodeResources
2019-05-23 17:25:27 +0000  copying file ./Payload/Realno.app/LaunchImage-1100-Portrait-2436h@3x.png ... 
2019-05-23 17:25:27 +0000  14552 bytes for ./Payload/Realno.app/LaunchImage-1100-Portrait-2436h@3x.png
copying file ./Payload/Realno.app/LaunchImage-1200-Landscape-1792h@2x.png ... 
2019-05-23 17:25:27 +0000  7622 bytes for ./Payload/Realno.app/LaunchImage-1200-Landscape-1792h@2x.png
copying file ./Payload/Realno.app/LaunchScreen-iPhonePortrait.png ... 
2019-05-23 17:25:27 +0000  138 bytes for ./Payload/Realno.app/LaunchScreen-iPhonePortrait.png
copying file ./Payload/Realno.app/LaunchScreen-iPhoneLandscape.png ... 
2019-05-23 17:25:27 +0000  138 bytes for ./Payload/Realno.app/LaunchScreen-iPhoneLandscape.png
copying file ./Payload/Realno.app/LaunchScreen-iPad.nib ... 
2019-05-23 17:25:27 +0000  1443 bytes for ./Payload/Realno.app/LaunchScreen-iPad.nib
copying file ./Payload/Realno.app/LaunchScreen-iPhone.nib ... 
2019-05-23 17:25:27 +0000  1453 bytes for ./Payload/Realno.app/LaunchScreen-iPhone.nib
copying file ./Payload/Realno.app/AppIcon60x60@2x.png ... 
2019-05-23 17:25:27 +0000  43392 bytes for ./Payload/Realno.app/AppIcon60x60@2x.png
2019-05-23 17:25:27 +0000  copying file ./Payload/Realno.app/LaunchImage-1100-Landscape-2436h@3x.png ... 
2019-05-23 17:25:27 +0000  12707 bytes for ./Payload/Realno.app/LaunchImage-1100-Landscape-2436h@3x.png
2019-05-23 17:25:27 +0000  copying file ./Payload/Realno.app/LaunchImage-800-667h@2x.png ... 
2019-05-23 17:25:27 +0000  5949 bytes for ./Payload/Realno.app/LaunchImage-800-667h@2x.png
copying file ./Payload/Realno.app/Realno ... 
2019-05-23 17:25:28 +0000  20024016 bytes for ./Payload/Realno.app/Realno
copying file ./Payload/Realno.app/LaunchImage-1200-Portrait-2688h@3x.png ... 
2019-05-23 17:25:28 +0000  17633 bytes for ./Payload/Realno.app/LaunchImage-1200-Portrait-2688h@3x.png
copying file ./Payload/Realno.app/LaunchScreen-iPad.png ... 
138 bytes for ./Payload/Realno.app/LaunchScreen-iPad.png
copying file ./Payload/Realno.app/LaunchImage-700-Portrait~ipad.png ... 
4691 bytes for ./Payload/Realno.app/LaunchImage-700-Portrait~ipad.png
copying file ./Payload/Realno.app/Assets.car ... 
2019-05-23 17:25:28 +0000  2841592 bytes for ./Payload/Realno.app/Assets.car
copying file ./Payload/Realno.app/AppIcon76x76@2x~ipad.png ... 
2019-05-23 17:25:28 +0000  68446 bytes for ./Payload/Realno.app/AppIcon76x76@2x~ipad.png
copying file ./Payload/Realno.app/LaunchImage-800-Portrait-736h@3x.png ... 
2019-05-23 17:25:28 +0000  14196 bytes for ./Payload/Realno.app/LaunchImage-800-Portrait-736h@3x.png
copying file ./Payload/Realno.app/LaunchImage-700@2x.png ... 
2019-05-23 17:25:28 +0000  3933 bytes for ./Payload/Realno.app/LaunchImage-700@2x.png
2019-05-23 17:25:28 +0000  copying file ./Payload/Realno.app/LaunchImage-700-568h@2x.png ... 
4617 bytes for ./Payload/Realno.app/LaunchImage-700-568h@2x.png
2019-05-23 17:25:28 +0000  copying file ./Payload/Realno.app/LaunchImage-1200-Portrait-1792h@2x.png ... 
2019-05-23 17:25:28 +0000  8862 bytes for ./Payload/Realno.app/LaunchImage-1200-Portrait-1792h@2x.png
copying file ./Payload/Realno.app/LaunchImage-700-Landscape@2x~ipad.png ... 
2019-05-23 17:25:28 +0000  14943 bytes for ./Payload/Realno.app/LaunchImage-700-Landscape@2x~ipad.png
2019-05-23 17:25:28 +0000  copying file ./Payload/Realno.app/Frameworks/VuforiaDL.framework/_CodeSignature/CodeResources ... 
2019-05-23 17:25:28 +0000  2446 bytes for ./Payload/Realno.app/Frameworks/VuforiaDL.framework/_CodeSignature/CodeResources
2019-05-23 17:25:28 +0000  copying file ./Payload/Realno.app/Frameworks/VuforiaDL.framework/VuforiaDL.meta ... 
155 bytes for ./Payload/Realno.app/Frameworks/VuforiaDL.framework/VuforiaDL.meta
2019-05-23 17:25:28 +0000  copying file ./Payload/Realno.app/Frameworks/VuforiaDL.framework/VuforiaDL ... 
2019-05-23 17:25:29 +0000  1139536 bytes for ./Payload/Realno.app/Frameworks/VuforiaDL.framework/VuforiaDL
copying file ./Payload/Realno.app/Frameworks/VuforiaDL.framework/Headers.meta ... 
2019-05-23 17:25:29 +0000  172 bytes for ./Payload/Realno.app/Frameworks/VuforiaDL.framework/Headers.meta
copying file ./Payload/Realno.app/Frameworks/VuforiaDL.framework/Info.plist.meta ... 
155 bytes for ./Payload/Realno.app/Frameworks/VuforiaDL.framework/Info.plist.meta
copying file ./Payload/Realno.app/Frameworks/VuforiaDL.framework/Info.plist ... 
759 bytes for ./Payload/Realno.app/Frameworks/VuforiaDL.framework/Info.plist
copying file ./Payload/Realno.app/Frameworks/Vuforia.framework/_CodeSignature/CodeResources ... 
2232 bytes for ./Payload/Realno.app/Frameworks/Vuforia.framework/_CodeSignature/CodeResources
copying file ./Payload/Realno.app/Frameworks/Vuforia.framework/Vuforia.meta ... 
155 bytes for ./Payload/Realno.app/Frameworks/Vuforia.framework/Vuforia.meta
copying file ./Payload/Realno.app/Frameworks/Vuforia.framework/Info.plist.meta ... 
155 bytes for ./Payload/Realno.app/Frameworks/Vuforia.framework/Info.plist.meta
copying file ./Payload/Realno.app/Frameworks/Vuforia.framework/Vuforia ... 
2019-05-23 17:25:29 +0000  16911840 bytes for ./Payload/Realno.app/Frameworks/Vuforia.framework/Vuforia
2019-05-23 17:25:29 +0000  copying file ./Payload/Realno.app/Frameworks/Vuforia.framework/Info.plist ... 
749 bytes for ./Payload/Realno.app/Frameworks/Vuforia.framework/Info.plist
copying file ./Payload/Realno.app/Vuforia/Realno.xml ... 
837 bytes for ./Payload/Realno.app/Vuforia/Realno.xml
copying file ./Payload/Realno.app/Vuforia/Realno.dat ... 
2019-05-23 17:25:29 +0000  750634 bytes for ./Payload/Realno.app/Vuforia/Realno.dat
copying file ./Payload/Realno.app/Vuforia/VuforiaMars_Images.dat ... 
2019-05-23 17:25:29 +0000  801555 bytes for ./Payload/Realno.app/Vuforia/VuforiaMars_Images.dat
copying file ./Payload/Realno.app/Vuforia/VuforiaMars_Images.xml ... 
2019-05-23 17:25:29 +0000  1512 bytes for ./Payload/Realno.app/Vuforia/VuforiaMars_Images.xml
copying file ./Payload/Realno.app/embedded.mobileprovision ... 
2019-05-23 17:25:29 +0000  7647 bytes for ./Payload/Realno.app/embedded.mobileprovision
2019-05-23 17:25:29 +0000  copying file ./Payload/Realno.app/Data/Managed/TypesInScenes.xml ... 
2019-05-23 17:25:29 +0000  3793 bytes for ./Payload/Realno.app/Data/Managed/TypesInScenes.xml
copying file ./Payload/Realno.app/Data/Managed/Resources/mscorlib.dll-resources.dat ... 
2019-05-23 17:25:30 +0000  337563 bytes for ./Payload/Realno.app/Data/Managed/Resources/mscorlib.dll-resources.dat
2019-05-23 17:25:30 +0000  copying file ./Payload/Realno.app/Data/Managed/mono/2.0/machine.config ... 
2019-05-23 17:25:30 +0000  27625 bytes for ./Payload/Realno.app/Data/Managed/mono/2.0/machine.config
2019-05-23 17:25:30 +0000  copying file ./Payload/Realno.app/Data/Managed/mono/4.0/machine.config ... 
2019-05-23 17:25:30 +0000  33648 bytes for ./Payload/Realno.app/Data/Managed/mono/4.0/machine.config
2019-05-23 17:25:30 +0000  copying file ./Payload/Realno.app/Data/Managed/Metadata/global-metadata.dat ... 
2019-05-23 17:25:30 +0000  2571160 bytes for ./Payload/Realno.app/Data/Managed/Metadata/global-metadata.dat
2019-05-23 17:25:30 +0000  copying file ./Payload/Realno.app/Data/sharedassets0.resource ... 
2019-05-23 17:25:30 +0000  17105196 bytes for ./Payload/Realno.app/Data/sharedassets0.resource
copying file ./Payload/Realno.app/Data/globalgamemanagers ... 
2019-05-23 17:25:30 +0000  37528 bytes for ./Payload/Realno.app/Data/globalgamemanagers
2019-05-23 17:25:30 +0000  copying file ./Payload/Realno.app/Data/boot.config ... 
123 bytes for ./Payload/Realno.app/Data/boot.config
copying file ./Payload/Realno.app/Data/resources.assets ... 
2019-05-23 17:25:30 +0000  18196 bytes for ./Payload/Realno.app/Data/resources.assets
2019-05-23 17:25:30 +0000  copying file ./Payload/Realno.app/Data/Resources/unity_builtin_extra ... 
2019-05-23 17:25:30 +0000  660324 bytes for ./Payload/Realno.app/Data/Resources/unity_builtin_extra
2019-05-23 17:25:30 +0000  copying file ./Payload/Realno.app/Data/unity default resources ... 
2019-05-23 17:25:30 +0000  6312180 bytes for ./Payload/Realno.app/Data/unity default resources
copying file ./Payload/Realno.app/Data/sharedassets0.assets.resS ... 
2019-05-23 17:25:32 +0000  35651596 bytes for ./Payload/Realno.app/Data/sharedassets0.assets.resS
copying file ./Payload/Realno.app/Data/sharedassets0.assets ... 
2019-05-23 17:25:32 +0000  193837 bytes for ./Payload/Realno.app/Data/sharedassets0.assets
copying file ./Payload/Realno.app/Data/level0.resS ... 
2019-05-23 17:25:32 +0000  393212 bytes for ./Payload/Realno.app/Data/level0.resS
copying file ./Payload/Realno.app/Data/level0 ... 
2019-05-23 17:25:32 +0000  22668 bytes for ./Payload/Realno.app/Data/level0
2019-05-23 17:25:32 +0000  copying file ./Payload/Realno.app/Data/Raw/Vuforia/Realno.xml ... 
2019-05-23 17:25:32 +0000  837 bytes for ./Payload/Realno.app/Data/Raw/Vuforia/Realno.xml
copying file ./Payload/Realno.app/Data/Raw/Vuforia/Realno.dat ... 
2019-05-23 17:25:32 +0000  750634 bytes for ./Payload/Realno.app/Data/Raw/Vuforia/Realno.dat
copying file ./Payload/Realno.app/Data/Raw/Vuforia/VuforiaMars_Images.dat ... 
2019-05-23 17:25:32 +0000  801555 bytes for ./Payload/Realno.app/Data/Raw/Vuforia/VuforiaMars_Images.dat
copying file ./Payload/Realno.app/Data/Raw/Vuforia/VuforiaMars_Images.xml ... 
2019-05-23 17:25:32 +0000  1512 bytes for ./Payload/Realno.app/Data/Raw/Vuforia/VuforiaMars_Images.xml
copying file ./Payload/Realno.app/Data/globalgamemanagers.assets ... 
2019-05-23 17:25:32 +0000  50292 bytes for ./Payload/Realno.app/Data/globalgamemanagers.assets
2019-05-23 17:25:32 +0000  copying file ./Payload/Realno.app/LaunchImage-800-Landscape-736h@3x.png ... 
2019-05-23 17:25:32 +0000  12887 bytes for ./Payload/Realno.app/LaunchImage-800-Landscape-736h@3x.png
copying file ./Payload/Realno.app/LaunchImage-700-Portrait@2x~ipad.png ... 
2019-05-23 17:25:32 +0000  15515 bytes for ./Payload/Realno.app/LaunchImage-700-Portrait@2x~ipad.png
copying file ./Payload/Realno.app/LaunchImage-700-Landscape~ipad.png ... 
2019-05-23 17:25:32 +0000  4433 bytes for ./Payload/Realno.app/LaunchImage-700-Landscape~ipad.png
copying file ./Payload/Realno.app/Info.plist ... 
2019-05-23 17:25:32 +0000  2704 bytes for ./Payload/Realno.app/Info.plist
copying file ./Payload/Realno.app/profile.json ... 
2019-05-23 17:25:32 +0000  31803 bytes for ./Payload/Realno.app/profile.json
copying file ./Payload/Realno.app/LaunchImage-1200-Landscape-2688h@3x.png ... 
2019-05-23 17:25:32 +0000  15608 bytes for ./Payload/Realno.app/LaunchImage-1200-Landscape-2688h@3x.png
copying file ./Payload/Realno.app/PkgInfo ... 
2019-05-23 17:25:32 +0000  8 bytes for ./Payload/Realno.app/PkgInfo
2019-05-23 17:25:32 +0000  /usr/bin/ditto exited with 0
2019-05-23 17:25:32 +0000  Processing step: IDEDistributionAppStoreInformationStep
2019-05-23 17:25:32 +0000  Skipping step: IDEDistributionAppStoreInformationStep because it said so
2019-05-23 17:25:32 +0000  Processing step: IDEDistributionCreateManifestStep
